c:\users\doctor\source\repos\project2\project2\x64\debug\vc143.pdb
c:\users\doctor\source\repos\project2\project2\x64\debug\vc143.idb
c:\users\doctor\source\repos\project2\project2\x64\debug\glad.obj
c:\users\doctor\source\repos\project2\project2\x64\debug\main.obj
c:\users\doctor\source\repos\project2\x64\debug\pixelmario.exe
c:\users\doctor\source\repos\project2\x64\debug\pixelmario.pdb
c:\users\doctor\source\repos\project2\project2\x64\debug\pixelmario.ilk
c:\users\doctor\source\repos\pixelmario\pixelmario\x64\debug\glad.obj
c:\users\doctor\source\repos\pixelmario\pixelmario\x64\debug\main.obj
c:\users\doctor\source\repos\pixelmario\pixelmario\x64\debug\pixelmario.ilk
c:\users\doctor\source\repos\pixelmario\pixelmario\x64\debug\vc143.idb
c:\users\doctor\source\repos\pixelmario\pixelmario\x64\debug\vc143.pdb
c:\users\doctor\source\repos\pixelmario\x64\debug\pixelmario.pdb
c:\users\doctor\source\repos\pixelmario\x64\debug\pixelmario.exe
c:\users\doctor\source\repos\pixelmario\pixelmario\x64\debug\pixelmario.tlog\cl.command.1.tlog
c:\users\doctor\source\repos\pixelmario\pixelmario\x64\debug\pixelmario.tlog\cl.items.tlog
c:\users\doctor\source\repos\pixelmario\pixelmario\x64\debug\pixelmario.tlog\cl.read.1.tlog
c:\users\doctor\source\repos\pixelmario\pixelmario\x64\debug\pixelmario.tlog\cl.write.1.tlog
c:\users\doctor\source\repos\pixelmario\pixelmario\x64\debug\pixelmario.tlog\link.command.1.tlog
c:\users\doctor\source\repos\pixelmario\pixelmario\x64\debug\pixelmario.tlog\link.read.1.tlog
c:\users\doctor\source\repos\pixelmario\pixelmario\x64\debug\pixelmario.tlog\link.secondary.1.tlog
c:\users\doctor\source\repos\pixelmario\pixelmario\x64\debug\pixelmario.tlog\link.write.1.tlog
